FILE [INFO ] 2021-12-02 14:52:55,495 main My MVC SortingManager - The user has selected the bubble algorithm using arrays
FILE [INFO ] 2021-12-02 14:52:55,515 main My MVC SortingManager - Successful Bubble Sort
FILE [INFO ] 2021-12-02 14:52:55,517 main My MVC SortingManager - The sort algorithm took  0.002222 seconds to run
FILE [INFO ] 2021-12-02 14:53:20,215 main My MVC SortingManager - The user has selected the bubble algorithm using arrays
FILE [INFO ] 2021-12-02 14:53:20,230 main My MVC SortingManager - Successful Bubble Sort
FILE [INFO ] 2021-12-02 14:53:20,232 main My MVC SortingManager - The sort algorithm took  0.002283 seconds to run
FILE [INFO ] 2021-12-02 14:53:31,453 main My MVC SortingManager - The user has entered the incorrect algorithm type bubbd
FILE [INFO ] 2021-12-02 14:53:33,379 main My MVC SortingManager - The user has entered the incorrect algorithm type sfef
FILE [INFO ] 2021-12-02 14:53:40,807 main My MVC SortingManager - The user has selected the collection algorithm using arrays
FILE [INFO ] 2021-12-02 14:53:40,816 main My MVC SortingManager - Successful Collection Sort
FILE [INFO ] 2021-12-02 14:53:40,818 main My MVC SortingManager - The sort algorithm took  0.000538 seconds to run
FILE [INFO ] 2021-12-02 15:01:17,209 main My MVC SortingManager - The user has selected the bubble algorithm using lists
FILE [INFO ] 2021-12-02 15:01:17,237 main My MVC SortingManager - Successful Bubble Sort
FILE [INFO ] 2021-12-02 15:01:17,241 main My MVC SortingManager - The sort algorithm took  0.002250 seconds to run
FILE [INFO ] 2021-12-02 16:47:45,263 main My MVC SortingManager - The user has entered the incorrect array type d
FILE [INFO ] 2021-12-02 16:47:48,944 main My MVC SortingManager - The user has selected the bubble algorithm using lists
FILE [INFO ] 2021-12-02 16:47:48,959 main My MVC SortingManager - Successful Bubble Sort
FILE [INFO ] 2021-12-02 16:47:48,963 main My MVC SortingManager - The sort algorithm took  0.003199 seconds to run
FILE [INFO ] 2021-12-02 16:47:51,880 main My MVC SortingManager - The user has continued the program
FILE [INFO ] 2021-12-02 16:48:10,249 main My MVC SortingManager - The user has selected the quick algorithm using lists
FILE [INFO ] 2021-12-02 16:48:10,253 main My MVC SortingManager - Successful Quick Sort
FILE [INFO ] 2021-12-02 16:48:10,255 main My MVC SortingManager - The sort algorithm took  0.002650 seconds to run
FILE [INFO ] 2021-12-02 16:48:11,880 main My MVC SortingManager - The user has ended the program
FILE [INFO ] 2021-12-02 16:59:41,569 main My MVC SortingManager - The user has selected the binary algorithm using arrays
FILE [INFO ] 2021-12-02 16:59:41,590 main My MVC SortingManager - Successful Binary Sort
FILE [INFO ] 2021-12-02 16:59:41,592 main My MVC SortingManager - The sort algorithm took  0.002242 seconds to run
FILE [INFO ] 2021-12-02 18:26:28,060 main My MVC SortingManager - The user has selected the bubble algorithm using arrays
FILE [INFO ] 2021-12-02 18:26:28,081 main My MVC SortingManager - Successful Bubble Sort
FILE [INFO ] 2021-12-02 18:26:28,083 main My MVC SortingManager - The sort algorithm took  0.003394 seconds to run
FILE [INFO ] 2021-12-03 09:59:41,994 main My MVC SortingManager - The user has selected the bubble algorithm using arrays
FILE [INFO ] 2021-12-03 09:59:42,008 main My MVC SortingManager - The sort algorithm took  0.001301 seconds to run
FILE [INFO ] 2021-12-03 10:00:56,506 main My MVC SortingManager - The user has continued the program
FILE [INFO ] 2021-12-03 10:01:00,580 main My MVC SortingManager - The user has selected the quick algorithm using lists
FILE [INFO ] 2021-12-03 10:02:03,571 main My MVC SortingManager - The user has selected the quick algorithm using lists
FILE [INFO ] 2021-12-03 10:04:40,340 main My MVC SortingManager - The user has selected the bubble algorithm using lists
FILE [INFO ] 2021-12-03 10:04:40,353 main My MVC SortingManager - Successful Bubble Sort
FILE [INFO ] 2021-12-03 10:04:40,355 main My MVC SortingManager - The sort algorithm took  0.002199 seconds to run
FILE [INFO ] 2021-12-03 10:04:54,884 main My MVC SortingManager - The user has continued the program
FILE [INFO ] 2021-12-03 10:04:58,905 main My MVC SortingManager - The user has selected the quick algorithm using lists
FILE [INFO ] 2021-12-03 10:05:13,237 main My MVC SortingManager - The user has selected the quick algorithm using lists
FILE [INFO ] 2021-12-03 10:05:13,252 main My MVC SortingManager - Successful Quick Sort
FILE [INFO ] 2021-12-03 10:05:13,253 main My MVC SortingManager - The sort algorithm took  0.002135 seconds to run
FILE [INFO ] 2021-12-03 10:05:17,147 main My MVC SortingManager - The user has continued the program
FILE [INFO ] 2021-12-03 10:05:20,944 main My MVC SortingManager - The user has selected the quick algorithm using arrays
FILE [INFO ] 2021-12-03 10:05:20,949 main My MVC SortingManager - Successful Quick Sort
FILE [INFO ] 2021-12-03 10:05:20,949 main My MVC SortingManager - The sort algorithm took  0.003622 seconds to run
FILE [INFO ] 2021-12-03 10:15:15,091 main My MVC SortingManager - The user has selected the collection algorithm using arrays
FILE [INFO ] 2021-12-03 10:15:15,111 main My MVC SortingManager - Successful Collection Sort
FILE [INFO ] 2021-12-03 10:15:15,113 main My MVC SortingManager - The sort algorithm took  0.001464 seconds to run
FILE [INFO ] 2021-12-03 10:15:17,737 main My MVC SortingManager - The user has continued the program
FILE [INFO ] 2021-12-03 10:15:22,513 main My MVC SortingManager - The user has selected the collection algorithm using lists
FILE [INFO ] 2021-12-03 10:15:22,517 main My MVC SortingManager - Successful Collection Sort
FILE [INFO ] 2021-12-03 10:15:22,518 main My MVC SortingManager - The sort algorithm took  0.002307 seconds to run
FILE [INFO ] 2021-12-03 10:35:49,312 main My MVC SortingManager - The user has selected the binary algorithm using arrays
FILE [INFO ] 2021-12-03 10:35:49,325 main My MVC SortingManager - The sort algorithm took  0.000145 seconds to run
FILE [INFO ] 2021-12-03 10:36:27,041 main My MVC SortingManager - The user has selected the binary algorithm using arrays
FILE [INFO ] 2021-12-03 10:36:27,059 main My MVC SortingManager - The sort algorithm took  0.000243 seconds to run
FILE [INFO ] 2021-12-03 10:37:24,964 main My MVC SortingManager - The user has selected the binary algorithm using arrays
FILE [INFO ] 2021-12-03 10:37:24,976 main My MVC SortingManager - The sort algorithm took  0.000277 seconds to run
FILE [INFO ] 2021-12-03 11:11:11,553 main My MVC SortingManager - The user has selected the tree algorithm using arrays
FILE [INFO ] 2021-12-03 11:11:11,569 main My MVC SortingManager - Successful Tree Sort
FILE [INFO ] 2021-12-03 11:11:11,571 main My MVC SortingManager - The sort algorithm took  0.002316 seconds to run
FILE [INFO ] 2021-12-03 12:00:54,862 main My MVC SortingManager - The user has selected the tree algorithm using arrays
FILE [INFO ] 2021-12-03 12:01:30,472 main My MVC SortingManager - The user has selected the tree algorithm using arrays
FILE [INFO ] 2021-12-03 12:01:48,873 main My MVC SortingManager - The user has selected the tree algorithm using arrays
FILE [INFO ] 2021-12-03 12:01:48,892 main My MVC SortingManager - Successful Tree Sort
FILE [INFO ] 2021-12-03 12:01:48,894 main My MVC SortingManager - The sort algorithm took  0.003133 seconds to run
FILE [INFO ] 2021-12-03 12:04:04,644 main My MVC SortingManager - The user has selected the tree algorithm using arrays
FILE [INFO ] 2021-12-03 12:04:04,661 main My MVC SortingManager - Successful Tree Sort
FILE [INFO ] 2021-12-03 12:04:04,663 main My MVC SortingManager - The sort algorithm took  0.001925 seconds to run
FILE [INFO ] 2021-12-03 12:04:20,615 main My MVC SortingManager - The user has selected the tree algorithm using arrays
FILE [INFO ] 2021-12-03 12:04:36,133 main My MVC SortingManager - The user has selected the tree algorithm using arrays
FILE [INFO ] 2021-12-03 12:04:58,994 main My MVC SortingManager - The user has selected the tree algorithm using arrays
FILE [INFO ] 2021-12-03 12:06:15,649 main My MVC SortingManager - The user has selected the tree algorithm using arrays
FILE [INFO ] 2021-12-03 12:07:38,994 main My MVC SortingManager - The user has selected the tree algorithm using arrays
FILE [INFO ] 2021-12-03 12:08:05,717 main My MVC SortingManager - The user has selected the tree algorithm using arrays
FILE [INFO ] 2021-12-03 12:09:57,579 main My MVC SortingManager - The user has selected the tree algorithm using arrays
FILE [INFO ] 2021-12-03 12:10:40,564 main My MVC SortingManager - The user has selected the tree algorithm using lists
FILE [INFO ] 2021-12-03 12:10:40,579 main My MVC SortingManager - Successful Tree Sort
FILE [INFO ] 2021-12-03 12:10:40,581 main My MVC SortingManager - The sort algorithm took  0.000666 seconds to run
FILE [INFO ] 2021-12-03 12:10:58,256 main My MVC SortingManager - The user has selected the tree algorithm using arrays
FILE [INFO ] 2021-12-03 12:13:19,298 main My MVC SortingManager - The user has selected the tree algorithm using arrays
FILE [INFO ] 2021-12-03 12:13:44,412 main My MVC SortingManager - The user has selected the tree algorithm using arrays
FILE [INFO ] 2021-12-03 12:14:00,747 main My MVC SortingManager - The user has selected the tree algorithm using arrays
FILE [INFO ] 2021-12-03 12:19:23,260 main My MVC SortingManager - The user has selected the tree algorithm using arrays
FILE [INFO ] 2021-12-03 12:19:55,719 main My MVC SortingManager - The user has selected the tree algorithm using arrays
FILE [INFO ] 2021-12-03 12:20:16,260 main My MVC SortingManager - The user has selected the tree algorithm using arrays
FILE [INFO ] 2021-12-03 12:21:12,294 main My MVC SortingManager - The user has selected the tree algorithm using arrays
FILE [INFO ] 2021-12-03 12:23:32,240 main My MVC SortingManager - The user has selected the tree algorithm using arrays
FILE [INFO ] 2021-12-03 12:25:09,577 main My MVC SortingManager - The user has selected the tree algorithm using arrays
FILE [INFO ] 2021-12-03 12:27:24,034 main My MVC SortingManager - The user has selected the tree algorithm using arrays
FILE [INFO ] 2021-12-03 12:27:24,043 main My MVC SortingManager - Successful Tree Sort
FILE [INFO ] 2021-12-03 12:27:24,044 main My MVC SortingManager - The sort algorithm took  0.002848 seconds to run
FILE [INFO ] 2021-12-03 12:33:46,503 main My MVC SortingManager - The user has selected the tree algorithm using arrays
FILE [INFO ] 2021-12-03 12:33:46,524 main My MVC SortingManager - Successful Tree Sort
FILE [INFO ] 2021-12-03 12:33:46,526 main My MVC SortingManager - The sort algorithm took  0.003848 seconds to run
FILE [INFO ] 2021-12-03 12:34:20,187 main My MVC SortingManager - The user has selected the tree algorithm using arrays
FILE [INFO ] 2021-12-03 12:34:20,196 main My MVC SortingManager - Successful Tree Sort
FILE [INFO ] 2021-12-03 12:34:20,197 main My MVC SortingManager - The sort algorithm took  0.002360 seconds to run
FILE [INFO ] 2021-12-03 12:34:38,297 main My MVC SortingManager - The user has selected the tree algorithm using arrays
FILE [INFO ] 2021-12-03 12:34:38,304 main My MVC SortingManager - Successful Tree Sort
FILE [INFO ] 2021-12-03 12:34:38,305 main My MVC SortingManager - The sort algorithm took  0.001197 seconds to run
FILE [INFO ] 2021-12-03 12:35:33,620 main My MVC SortingManager - The user has selected the tree algorithm using arrays
FILE [INFO ] 2021-12-03 12:35:33,627 main My MVC SortingManager - Successful Tree Sort
FILE [INFO ] 2021-12-03 12:35:33,629 main My MVC SortingManager - The sort algorithm took  0.001527 seconds to run
FILE [INFO ] 2021-12-03 12:35:50,181 main My MVC SortingManager - The user has selected the tree algorithm using arrays
FILE [INFO ] 2021-12-03 12:35:50,187 main My MVC SortingManager - Successful Tree Sort
FILE [INFO ] 2021-12-03 12:35:50,189 main My MVC SortingManager - The sort algorithm took  0.001436 seconds to run
FILE [INFO ] 2021-12-03 13:24:58,015 main My MVC SortingManager - The user has selected the tree algorithm using arrays
FILE [INFO ] 2021-12-03 13:26:11,780 main My MVC SortingManager - The user has selected the tree algorithm using arrays
FILE [INFO ] 2021-12-03 13:29:03,325 main My MVC SortingManager - The user has selected the tree algorithm using arrays
FILE [INFO ] 2021-12-03 13:29:03,334 main My MVC SortingManager - Successful Tree Sort
FILE [INFO ] 2021-12-03 13:29:03,336 main My MVC SortingManager - The sort algorithm took  0.002814 seconds to run
FILE [INFO ] 2021-12-03 13:29:28,557 main My MVC SortingManager - The user has selected the tree algorithm using arrays
FILE [INFO ] 2021-12-03 13:29:28,571 main My MVC SortingManager - Successful Tree Sort
FILE [INFO ] 2021-12-03 13:29:28,573 main My MVC SortingManager - The sort algorithm took  0.002416 seconds to run
FILE [INFO ] 2021-12-03 13:39:05,259 main My MVC SortingManager - The user has selected the tree algorithm using arrays
FILE [INFO ] 2021-12-03 13:39:05,276 main My MVC SortingManager - Successful Tree Sort
FILE [INFO ] 2021-12-03 13:39:05,278 main My MVC SortingManager - The sort algorithm took  0.003245 seconds to run
FILE [INFO ] 2021-12-03 13:39:26,616 main My MVC SortingManager - The user has selected the tree algorithm using arrays
FILE [INFO ] 2021-12-03 13:39:26,629 main My MVC SortingManager - Successful Tree Sort
FILE [INFO ] 2021-12-03 13:39:26,630 main My MVC SortingManager - The sort algorithm took  0.003047 seconds to run
FILE [INFO ] 2021-12-03 13:48:16,163 main My MVC SortingManager - The user has selected the tree algorithm using arrays
FILE [INFO ] 2021-12-03 13:49:09,567 main My MVC SortingManager - The user has selected the tree algorithm using arrays
FILE [INFO ] 2021-12-03 13:51:21,038 main My MVC SortingManager - The user has selected the tree algorithm using arrays
FILE [INFO ] 2021-12-03 13:51:53,283 main My MVC SortingManager - The user has selected the tree algorithm using arrays
FILE [INFO ] 2021-12-03 13:54:08,612 main My MVC SortingManager - The user has selected the tree algorithm using arrays
FILE [INFO ] 2021-12-03 13:55:02,636 main My MVC SortingManager - The user has selected the tree algorithm using arrays
FILE [INFO ] 2021-12-03 13:55:02,647 main My MVC SortingManager - Successful Tree Sort
FILE [INFO ] 2021-12-03 13:55:02,649 main My MVC SortingManager - The sort algorithm took  0.002907 seconds to run
FILE [INFO ] 2021-12-03 13:55:31,512 main My MVC SortingManager - The user has selected the tree algorithm using arrays
FILE [INFO ] 2021-12-03 13:58:32,023 main My MVC SortingManager - The user has selected the tree algorithm using arrays
FILE [INFO ] 2021-12-03 14:00:04,026 main My MVC SortingManager - The user has selected the tree algorithm using arrays
FILE [INFO ] 2021-12-03 14:02:28,948 main My MVC SortingManager - The user has selected the tree algorithm using arrays
FILE [INFO ] 2021-12-03 14:02:52,234 main My MVC SortingManager - The user has selected the tree algorithm using arrays
FILE [INFO ] 2021-12-03 14:03:38,159 main My MVC SortingManager - The user has selected the tree algorithm using arrays
FILE [INFO ] 2021-12-03 14:03:38,170 main My MVC SortingManager - Successful Tree Sort
FILE [INFO ] 2021-12-03 14:03:38,172 main My MVC SortingManager - The sort algorithm took  0.004205 seconds to run
FILE [INFO ] 2021-12-03 14:04:20,439 main My MVC SortingManager - The user has selected the tree algorithm using arrays
FILE [INFO ] 2021-12-03 14:04:36,152 main My MVC SortingManager - The user has selected the tree algorithm using arrays
FILE [INFO ] 2021-12-03 14:04:36,160 main My MVC SortingManager - Successful Tree Sort
FILE [INFO ] 2021-12-03 14:04:36,164 main My MVC SortingManager - The sort algorithm took  0.002922 seconds to run
FILE [INFO ] 2021-12-03 14:05:08,171 main My MVC SortingManager - The user has selected the tree algorithm using arrays
FILE [INFO ] 2021-12-03 14:05:08,177 main My MVC SortingManager - Successful Tree Sort
FILE [INFO ] 2021-12-03 14:05:08,179 main My MVC SortingManager - The sort algorithm took  0.002340 seconds to run
FILE [INFO ] 2021-12-03 14:05:36,030 main My MVC SortingManager - The user has selected the tree algorithm using arrays
FILE [INFO ] 2021-12-03 14:05:36,042 main My MVC SortingManager - Successful Tree Sort
FILE [INFO ] 2021-12-03 14:05:36,045 main My MVC SortingManager - The sort algorithm took  0.002639 seconds to run
FILE [INFO ] 2021-12-03 14:06:21,542 main My MVC SortingManager - The user has selected the tree algorithm using arrays
FILE [INFO ] 2021-12-03 14:06:21,552 main My MVC SortingManager - Successful Tree Sort
FILE [INFO ] 2021-12-03 14:06:21,554 main My MVC SortingManager - The sort algorithm took  0.002589 seconds to run
FILE [INFO ] 2021-12-03 14:06:56,121 main My MVC SortingManager - The user has selected the tree algorithm using arrays
FILE [INFO ] 2021-12-03 14:06:56,133 main My MVC SortingManager - Successful Tree Sort
FILE [INFO ] 2021-12-03 14:06:56,135 main My MVC SortingManager - The sort algorithm took  0.002522 seconds to run
FILE [INFO ] 2021-12-03 15:12:50,123 main My MVC SortingManager - The user has selected the collection algorithm using arrays
FILE [INFO ] 2021-12-03 15:12:50,137 main My MVC SortingManager - Successful Collection Sort
FILE [INFO ] 2021-12-03 15:12:50,139 main My MVC SortingManager - The sort algorithm took  0.002158 seconds to run
FILE [INFO ] 2021-12-03 15:12:52,446 main My MVC SortingManager - The user has continued the program
FILE [INFO ] 2021-12-03 15:12:57,715 main My MVC SortingManager - The user has selected the collection algorithm using lists
FILE [INFO ] 2021-12-03 15:12:57,719 main My MVC SortingManager - Successful Collection Sort
FILE [INFO ] 2021-12-03 15:12:57,720 main My MVC SortingManager - The sort algorithm took  0.002339 seconds to run
FILE [INFO ] 2021-12-03 15:12:59,777 main My MVC SortingManager - The program is waiting for a yes or no
FILE [INFO ] 2021-12-03 15:13:01,750 main My MVC SortingManager - The program is waiting for a yes or no
FILE [INFO ] 2021-12-03 15:13:02,739 main My MVC SortingManager - The program is waiting for a yes or no
FILE [INFO ] 2021-12-03 15:13:04,479 main My MVC SortingManager - The user has continued the program
FILE [INFO ] 2021-12-03 15:13:08,642 main My MVC SortingManager - The user has selected the tree algorithm using arrays
FILE [INFO ] 2021-12-03 15:13:08,648 main My MVC SortingManager - Successful Tree Sort
FILE [INFO ] 2021-12-03 15:13:08,649 main My MVC SortingManager - The sort algorithm took  0.005439 seconds to run
FILE [INFO ] 2021-12-03 15:13:17,009 main My MVC SortingManager - The user has continued the program
FILE [INFO ] 2021-12-03 15:13:21,903 main My MVC SortingManager - The user has selected the tree algorithm using lists
FILE [INFO ] 2021-12-03 15:13:21,906 main My MVC SortingManager - Successful Tree Sort
FILE [INFO ] 2021-12-03 15:13:21,908 main My MVC SortingManager - The sort algorithm took  0.001408 seconds to run
FILE [INFO ] 2021-12-03 15:34:11,296 main My MVC SortingManager - The user has selected the tree algorithm using lists
FILE [INFO ] 2021-12-03 15:35:02,106 main My MVC SortingManager - The user has selected the tree algorithm using lists
FILE [INFO ] 2021-12-03 15:36:03,115 main My MVC SortingManager - The user has selected the tree algorithm using lists
FILE [INFO ] 2021-12-03 15:37:24,225 main My MVC SortingManager - The user has selected the tree algorithm using lists
FILE [INFO ] 2021-12-03 15:45:06,845 main My MVC SortingManager - The user has selected the tree algorithm using lists
FILE [INFO ] 2021-12-03 15:52:39,654 main My MVC SortingManager - The user has entered the incorrect algorithm type tre
FILE [INFO ] 2021-12-03 15:52:43,520 main My MVC SortingManager - The user has selected the tree algorithm using lists
FILE [INFO ] 2021-12-03 15:56:21,417 main My MVC SortingManager - The user has selected the tree algorithm using lists
FILE [INFO ] 2021-12-03 15:57:12,947 main My MVC SortingManager - The user has selected the tree algorithm using lists
FILE [INFO ] 2021-12-03 16:01:11,317 main My MVC SortingManager - The user has selected the tree algorithm using lists
FILE [INFO ] 2021-12-03 16:03:19,707 main My MVC SortingManager - The user has selected the tree algorithm using lists
FILE [INFO ] 2021-12-03 16:09:59,657 main My MVC SortingManager - The user has selected the tree algorithm using lists
FILE [INFO ] 2021-12-03 16:10:08,984 main My MVC SortingManager - The user has selected the tree algorithm using arrays
FILE [INFO ] 2021-12-03 16:10:09,005 main My MVC SortingManager - Successful Tree Sort
FILE [INFO ] 2021-12-03 16:10:09,007 main My MVC SortingManager - The sort algorithm took  0.003103 seconds to run
FILE [INFO ] 2021-12-03 16:12:26,365 main My MVC SortingManager - The user has entered the incorrect algorithm type fwf\
FILE [INFO ] 2021-12-03 16:12:28,849 main My MVC SortingManager - The user has entered the incorrect array type testjava.io.bufferedinputstream@ed7f8b4
FILE [INFO ] 2021-12-03 16:12:31,692 main My MVC SortingManager - The user has entered the incorrect array type testjava.io.bufferedinputstream@ed7f8b4
FILE [INFO ] 2021-12-03 16:12:33,741 main My MVC SortingManager - The user has entered the incorrect array type testjava.io.bufferedinputstream@ed7f8b4
FILE [INFO ] 2021-12-03 16:18:54,041 main My MVC SortingManager - The user has selected the tree algorithm using lists
FILE [INFO ] 2021-12-03 16:19:04,685 main My MVC SortingManager - The user has entered the incorrect array type sda
FILE [INFO ] 2021-12-03 16:19:39,210 main My MVC SortingManager - The user has selected the tree algorithm using arrays
FILE [INFO ] 2021-12-03 16:19:39,230 main My MVC SortingManager - Successful Tree Sort
FILE [INFO ] 2021-12-03 16:19:39,232 main My MVC SortingManager - The sort algorithm took  0.003796 seconds to run
FILE [INFO ] 2021-12-03 16:20:54,531 main My MVC SortingManager - The user has selected the tree algorithm using arrays
FILE [INFO ] 2021-12-03 16:20:54,549 main My MVC SortingManager - Successful Tree Sort
FILE [INFO ] 2021-12-03 16:20:54,551 main My MVC SortingManager - The sort algorithm took  0.003819 seconds to run
FILE [INFO ] 2021-12-03 16:21:24,146 main My MVC SortingManager - The user has selected the tree algorithm using arrays
FILE [INFO ] 2021-12-03 16:21:24,176 main My MVC SortingManager - Successful Tree Sort
FILE [INFO ] 2021-12-03 16:21:24,178 main My MVC SortingManager - The sort algorithm took  0.003623 seconds to run
FILE [INFO ] 2021-12-03 16:21:45,963 main My MVC SortingManager - The user has selected the bubble algorithm using arrays
FILE [INFO ] 2021-12-03 16:21:45,980 main My MVC SortingManager - Successful Bubble Sort
FILE [INFO ] 2021-12-03 16:21:45,982 main My MVC SortingManager - The sort algorithm took  0.002263 seconds to run
FILE [INFO ] 2021-12-03 16:22:57,719 main My MVC SortingManager - The user has selected the bubble algorithm using lists
FILE [INFO ] 2021-12-03 16:22:57,739 main My MVC SortingManager - Successful Bubble Sort
FILE [INFO ] 2021-12-03 16:22:57,741 main My MVC SortingManager - The sort algorithm took  0.002269 seconds to run
FILE [INFO ] 2021-12-03 16:23:33,949 main My MVC SortingManager - The user has selected the bubble algorithm using arrays
FILE [INFO ] 2021-12-03 16:23:33,967 main My MVC SortingManager - Successful Bubble Sort
FILE [INFO ] 2021-12-03 16:23:33,969 main My MVC SortingManager - The sort algorithm took  0.002207 seconds to run
FILE [INFO ] 2021-12-03 16:25:01,664 main My MVC SortingManager - The user has selected the bubble algorithm using arrays
FILE [INFO ] 2021-12-03 16:25:01,683 main My MVC SortingManager - Successful Bubble Sort
FILE [INFO ] 2021-12-03 16:25:01,686 main My MVC SortingManager - The sort algorithm took  0.002085 seconds to run
FILE [INFO ] 2021-12-03 16:25:50,518 main My MVC SortingManager - The user has selected the bubble algorithm using arrays
FILE [INFO ] 2021-12-03 16:25:50,535 main My MVC SortingManager - Successful Bubble Sort
FILE [INFO ] 2021-12-03 16:25:50,538 main My MVC SortingManager - The sort algorithm took  0.001917 seconds to run
FILE [INFO ] 2021-12-03 16:27:57,563 main My MVC SortingManager - The user has selected the bubble algorithm using lists
FILE [INFO ] 2021-12-03 16:27:57,582 main My MVC SortingManager - Successful Bubble Sort
FILE [INFO ] 2021-12-03 16:27:57,584 main My MVC SortingManager - The sort algorithm took  0.002522 seconds to run
FILE [INFO ] 2021-12-03 16:32:02,050 main My MVC SortingManager - The user has selected the tree algorithm using lists
FILE [INFO ] 2021-12-03 16:33:28,570 main My MVC SortingManager - The user has selected the tree algorithm using lists
FILE [INFO ] 2021-12-03 16:36:35,699 main My MVC SortingManager - The user has selected the tree algorithm using lists
FILE [INFO ] 2021-12-03 16:37:54,285 main My MVC SortingManager - The user has selected the tree algorithm using lists
FILE [INFO ] 2021-12-03 16:40:54,748 main My MVC SortingManager - The user has selected the tree algorithm using lists
FILE [INFO ] 2021-12-03 16:42:26,738 main My MVC SortingManager - The user has selected the tree algorithm using lists
FILE [INFO ] 2021-12-03 16:48:01,665 main My MVC SortingManager - The user has selected the tree algorithm using lists
FILE [INFO ] 2021-12-03 16:49:14,593 main My MVC SortingManager - The user has selected the tree algorithm using lists
FILE [INFO ] 2021-12-03 16:49:48,921 main My MVC SortingManager - The user has selected the tree algorithm using lists
FILE [INFO ] 2021-12-03 16:53:48,872 main My MVC SortingManager - The user has selected the tree algorithm using lists
FILE [INFO ] 2021-12-03 16:58:10,351 main My MVC SortingManager - The user has selected the tree algorithm using lists
FILE [INFO ] 2021-12-03 16:58:42,272 main My MVC SortingManager - The user has selected the tree algorithm using lists
FILE [INFO ] 2021-12-05 12:06:17,675 main My MVC SortingManager - The user has selected the tree algorithm using lists
FILE [INFO ] 2021-12-05 12:08:16,893 main My MVC SortingManager - The user has selected the tree algorithm using lists
FILE [INFO ] 2021-12-05 12:09:04,471 main My MVC SortingManager - The user has selected the tree algorithm using lists
FILE [INFO ] 2021-12-05 12:09:26,043 main My MVC SortingManager - The user has selected the tree algorithm using lists
FILE [INFO ] 2021-12-05 12:10:53,447 main My MVC SortingManager - The user has selected the tree algorithm using lists
FILE [INFO ] 2021-12-05 12:11:46,388 main My MVC SortingManager - The user has selected the tree algorithm using lists
FILE [INFO ] 2021-12-05 12:13:06,242 main My MVC SortingManager - The user has selected the tree algorithm using lists
FILE [INFO ] 2021-12-05 12:13:31,149 main My MVC SortingManager - The user has selected the tree algorithm using lists
FILE [INFO ] 2021-12-05 12:15:55,852 main My MVC SortingManager - The user has entered the incorrect algorithm type ree
FILE [INFO ] 2021-12-05 12:16:00,425 main My MVC SortingManager - The user has selected the tree algorithm using lists
FILE [INFO ] 2021-12-05 12:16:33,582 main My MVC SortingManager - The user has entered the incorrect algorithm type list
FILE [INFO ] 2021-12-05 12:16:35,898 main My MVC SortingManager - The user has selected the tree algorithm using lists
FILE [INFO ] 2021-12-05 12:17:01,633 main My MVC SortingManager - The user has selected the tree algorithm using lists
FILE [INFO ] 2021-12-05 12:21:27,725 main My MVC SortingManager - The user has entered the incorrect algorithm type tre
FILE [INFO ] 2021-12-05 12:21:31,910 main My MVC SortingManager - The user has selected the tree algorithm using lists
FILE [INFO ] 2021-12-05 12:22:04,219 main My MVC SortingManager - The user has selected the tree algorithm using lists
FILE [INFO ] 2021-12-05 12:24:52,276 main My MVC SortingManager - The user has selected the tree algorithm using lists
FILE [INFO ] 2021-12-05 12:28:22,953 main My MVC SortingManager - The user has selected the tree algorithm using lists
FILE [INFO ] 2021-12-05 12:29:37,806 main My MVC SortingManager - The user has selected the tree algorithm using lists
FILE [INFO ] 2021-12-05 12:30:20,106 main My MVC SortingManager - The user has selected the tree algorithm using lists
FILE [INFO ] 2021-12-05 12:32:08,780 main My MVC SortingManager - The user has selected the tree algorithm using lists
FILE [INFO ] 2021-12-05 12:34:05,579 main My MVC SortingManager - The user has selected the tree algorithm using arrays
FILE [INFO ] 2021-12-05 12:34:05,598 main My MVC SortingManager - Successful Tree Sort
FILE [INFO ] 2021-12-05 12:34:05,600 main My MVC SortingManager - The sort algorithm took  0.004302 seconds to run
FILE [INFO ] 2021-12-05 12:34:16,463 main My MVC SortingManager - The user has continued the program
FILE [INFO ] 2021-12-05 12:34:20,731 main My MVC SortingManager - The user has selected the bubble algorithm using lists
FILE [INFO ] 2021-12-05 12:34:20,735 main My MVC SortingManager - Successful Bubble Sort
FILE [INFO ] 2021-12-05 12:34:20,736 main My MVC SortingManager - The sort algorithm took  0.003552 seconds to run
FILE [INFO ] 2021-12-05 12:36:19,556 main My MVC SortingManager - The user has selected the bubble algorithm using lists
FILE [INFO ] 2021-12-05 12:36:19,571 main My MVC SortingManager - Successful Bubble Sort
FILE [INFO ] 2021-12-05 12:36:19,574 main My MVC SortingManager - The sort algorithm took  0.002482 seconds to run
FILE [INFO ] 2021-12-05 12:36:21,659 main My MVC SortingManager - The user has continued the program
FILE [INFO ] 2021-12-05 12:36:26,547 main My MVC SortingManager - The user has selected the quick algorithm using arrays
FILE [INFO ] 2021-12-05 12:36:26,551 main My MVC SortingManager - Successful Quick Sort
FILE [INFO ] 2021-12-05 12:36:26,552 main My MVC SortingManager - The sort algorithm took  0.003036 seconds to run
FILE [INFO ] 2021-12-05 12:36:31,041 main My MVC SortingManager - The user has continued the program
FILE [INFO ] 2021-12-05 12:36:38,466 main My MVC SortingManager - The user has selected the tree algorithm using arrays
FILE [INFO ] 2021-12-05 12:36:38,472 main My MVC SortingManager - Successful Tree Sort
FILE [INFO ] 2021-12-05 12:36:38,472 main My MVC SortingManager - The sort algorithm took  0.004462 seconds to run
FILE [INFO ] 2021-12-05 12:36:42,367 main My MVC SortingManager - The user has continued the program
FILE [INFO ] 2021-12-05 12:36:48,860 main My MVC SortingManager - The user has selected the collection algorithm using lists
FILE [INFO ] 2021-12-05 12:36:48,865 main My MVC SortingManager - Successful Collection Sort
FILE [INFO ] 2021-12-05 12:36:48,867 main My MVC SortingManager - The sort algorithm took  0.003916 seconds to run
FILE [INFO ] 2021-12-05 12:39:11,240 main My MVC SortingManager - The user has selected the tree algorithm using lists
FILE [INFO ] 2021-12-05 12:40:15,462 main My MVC SortingManager - The user has selected the tree algorithm using lists
FILE [INFO ] 2021-12-05 12:40:53,934 main My MVC SortingManager - The user has selected the tree algorithm using lists
FILE [INFO ] 2021-12-05 12:42:36,392 main My MVC SortingManager - The user has selected the tree algorithm using lists
FILE [INFO ] 2021-12-05 12:44:02,746 main My MVC SortingManager - The user has selected the tree algorithm using lists
FILE [INFO ] 2021-12-05 12:44:17,668 main My MVC SortingManager - The user has selected the tree algorithm using lists
FILE [INFO ] 2021-12-05 12:44:34,268 main My MVC SortingManager - The user has selected the tree algorithm using lists
FILE [INFO ] 2021-12-05 12:46:08,468 main My MVC SortingManager - The user has selected the tree algorithm using lists
FILE [INFO ] 2021-12-05 12:46:08,492 main My MVC SortingManager - Successful Tree Sort
FILE [INFO ] 2021-12-05 12:46:08,494 main My MVC SortingManager - The sort algorithm took  0.007343 seconds to run
FILE [INFO ] 2021-12-05 12:48:13,393 main My MVC SortingManager - The user has selected the tree algorithm using lists
FILE [INFO ] 2021-12-05 12:51:10,123 main My MVC SortingManager - The user has entered the incorrect array type lis
FILE [INFO ] 2021-12-05 12:51:13,414 main My MVC SortingManager - The user has selected the tree algorithm using lists
FILE [INFO ] 2021-12-05 12:51:13,440 main My MVC SortingManager - Successful Tree Sort
FILE [INFO ] 2021-12-05 12:51:13,443 main My MVC SortingManager - The sort algorithm took  0.012941 seconds to run
FILE [INFO ] 2021-12-05 12:52:15,880 main My MVC SortingManager - The user has selected the tree algorithm using lists
FILE [INFO ] 2021-12-05 12:52:52,529 main My MVC SortingManager - The user has selected the tree algorithm using lists
FILE [INFO ] 2021-12-05 12:53:29,752 main My MVC SortingManager - The user has selected the tree algorithm using lists
FILE [INFO ] 2021-12-05 12:53:56,851 main My MVC SortingManager - The user has selected the tree algorithm using lists
FILE [INFO ] 2021-12-05 12:55:39,619 main My MVC SortingManager - The user has selected the tree algorithm using lists
FILE [INFO ] 2021-12-05 12:56:51,047 main My MVC SortingManager - The user has selected the tree algorithm using lists
FILE [INFO ] 2021-12-05 12:56:51,074 main My MVC SortingManager - Successful Tree Sort
FILE [INFO ] 2021-12-05 12:56:51,076 main My MVC SortingManager - The sort algorithm took  0.010117 seconds to run
FILE [INFO ] 2021-12-05 12:58:57,512 main My MVC SortingManager - The user has selected the tree algorithm using lists
FILE [INFO ] 2021-12-05 13:04:51,158 main My MVC SortingManager - The user has selected the tree algorithm using lists
FILE [INFO ] 2021-12-05 13:06:56,237 main My MVC SortingManager - The user has selected the tree algorithm using lists
FILE [INFO ] 2021-12-05 13:12:01,236 main My MVC SortingManager - The user has selected the tree algorithm using lists
FILE [INFO ] 2021-12-05 13:12:01,260 main My MVC SortingManager - Successful Tree Sort
FILE [INFO ] 2021-12-05 13:12:01,262 main My MVC SortingManager - The sort algorithm took  0.006498 seconds to run
FILE [INFO ] 2021-12-05 13:14:26,837 main My MVC SortingManager - The user has selected the tree algorithm using lists
FILE [INFO ] 2021-12-05 13:14:26,863 main My MVC SortingManager - Successful Tree Sort
FILE [INFO ] 2021-12-05 13:14:26,865 main My MVC SortingManager - The sort algorithm took  0.007642 seconds to run
FILE [INFO ] 2021-12-05 13:15:05,323 main My MVC SortingManager - The user has entered the incorrect array type lsit
FILE [INFO ] 2021-12-05 13:15:08,934 main My MVC SortingManager - The user has selected the tree algorithm using lists
FILE [INFO ] 2021-12-05 13:15:08,956 main My MVC SortingManager - Successful Tree Sort
FILE [INFO ] 2021-12-05 13:15:08,959 main My MVC SortingManager - The sort algorithm took  0.005722 seconds to run
FILE [INFO ] 2021-12-05 13:15:39,096 main My MVC SortingManager - The user has selected the tree algorithm using lists
FILE [INFO ] 2021-12-05 13:15:39,114 main My MVC SortingManager - Successful Tree Sort
FILE [INFO ] 2021-12-05 13:15:39,116 main My MVC SortingManager - The sort algorithm took  0.004598 seconds to run
FILE [INFO ] 2021-12-05 13:17:39,240 main My MVC SortingManager - The user has selected the tree algorithm using lists
FILE [INFO ] 2021-12-05 13:17:39,258 main My MVC SortingManager - Successful Tree Sort
FILE [INFO ] 2021-12-05 13:17:39,260 main My MVC SortingManager - The sort algorithm took  0.003819 seconds to run
FILE [INFO ] 2021-12-05 13:18:51,549 main My MVC SortingManager - The user has selected the tree algorithm using lists
FILE [INFO ] 2021-12-05 13:18:51,567 main My MVC SortingManager - Successful Tree Sort
FILE [INFO ] 2021-12-05 13:18:51,569 main My MVC SortingManager - The sort algorithm took  0.003146 seconds to run
